<?xml version="1.0" encoding="UTF-8"?>
<testng-results skipped="0" failed="0" ignored="0" total="3" passed="3">
  <reporter-output>
  </reporter-output>
  <suite name="Default suite" duration-ms="72" started-at="2017-12-02T19:42:51Z" finished-at="2017-12-02T19:42:52Z">
    <groups>
    </groups>
    <test name="Default test" duration-ms="72" started-at="2017-12-02T19:42:51Z" finished-at="2017-12-02T19:42:52Z">
      <class name="testcases.TestA">
        <test-method status="PASS" signature="doPasswordChange()[pri:1, instance:testcases.TestA@174d20a]" name="doPasswordChange" duration-ms="18" started-at="2017-12-02T14:42:52Z" finished-at="2017-12-02T14:42:52Z">
          <reporter-output>
          </reporter-output>
        </test-method> <!-- doPasswordChange -->
        <test-method status="PASS" signature="doLogin()[pri:2, instance:testcases.TestA@174d20a]" name="doLogin" duration-ms="4" started-at="2017-12-02T14:42:52Z" finished-at="2017-12-02T14:42:52Z">
          <reporter-output>
          </reporter-output>
        </test-method> <!-- doLogin -->
        <test-method status="PASS" signature="doLogout()[pri:3, instance:testcases.TestA@174d20a]" name="doLogout" duration-ms="2" started-at="2017-12-02T14:42:52Z" finished-at="2017-12-02T14:42:52Z">
          <reporter-output>
          </reporter-output>
        </test-method> <!-- doLogout -->
      </class> <!-- testcases.TestA -->
    </test> <!-- Default test -->
  </suite> <!-- Default suite -->
</testng-results>
