<?xml version="1.0" encoding="UTF-8"?>
<!-- Generated by org.testng.reporters.JUnitXMLReporter -->
<testsuite hostname="Racherla" ignored="0" name="Default test" tests="3" failures="0" timestamp="02 Dec 2017 19:42:52 GMT" time="0.072" errors="0">
  <testcase name="doPasswordChange" time="0.018" classname="testcases.TestA"/>
  <testcase name="doLogin" time="0.004" classname="testcases.TestA"/>
  <testcase name="doLogout" time="0.002" classname="testcases.TestA"/>
</testsuite> <!-- Default test -->
