<?xml version="1.0" encoding="UTF-8"?>
<!-- Generated by org.testng.reporters.JUnitXMLReporter -->
<testsuite hostname="Racherla" ignored="0" name="Test Case A" tests="3" failures="0" timestamp="02 Dec 2017 19:34:46 GMT" time="0.11" errors="0">
  <testcase name="doLogin" time="0.012" classname="testcases.TestA"/>
  <testcase name="doPasswordChange" time="0.004" classname="testcases.TestA"/>
  <testcase name="doLogout" time="0.002" classname="testcases.TestA"/>
</testsuite> <!-- Test Case A -->
