<?xml version="1.0" encoding="UTF-8"?>
<!-- Generated by org.testng.reporters.JUnitXMLReporter -->
<testsuite hostname="Racherla" ignored="0" name="Default test" tests="3" failures="0" timestamp="17 Dec 2017 21:53:02 GMT" time="60.136" errors="0">
  <testcase name="verifyHomePageTitleTest" time="0.057" classname="com.crm.qa.testcases.HomePageTest"/>
  <testcase name="verifyUserNameTest" time="0.26" classname="com.crm.qa.testcases.HomePageTest"/>
  <testcase name="verifyContactsLinkTest" time="2.555" classname="com.crm.qa.testcases.HomePageTest"/>
</testsuite> <!-- Default test -->
